<?xml version="1.0" encoding="UTF-8"?>
<testng-results ignored="0" total="1" passed="1" failed="0" skipped="0">
  <reporter-output>
  </reporter-output>
  <suite started-at="2024-09-11T12:13:37 IST" name="Default suite" finished-at="2024-09-11T12:13:53 IST" duration-ms="16348">
    <groups>
      <group name="cucumber">
        <method signature="AbstractTestNGCucumberTests.runScenario(io.cucumber.testng.PickleWrapper,io.cucumber.testng.FeatureWrapper)[pri:0, instance:runner.CucumberTags@771a660]" name="runScenario" class="io.cucumber.testng.AbstractTestNGCucumberTests"/>
      </group> <!-- cucumber -->
    </groups>
    <test started-at="2024-09-11T12:13:37 IST" name="Default test" finished-at="2024-09-11T12:13:53 IST" duration-ms="16348">
      <class name="runner.CucumberTags">
        <test-method is-config="true" signature="setUpClass(org.testng.ITestContext)[pri:0, instance:runner.CucumberTags@771a660]" started-at="2024-09-11T12:13:37 IST" name="setUpClass" finished-at="2024-09-11T12:13:39 IST" duration-ms="1588" status="PASS">
          <params>
            <param index="0">
              <value>
                <![CDATA[org.testng.TestRunner@2921199d]]>
              </value>
            </param>
          </params>
          <reporter-output>
          </reporter-output>
        </test-method> <!-- setUpClass -->
        <test-method is-config="true" signature="preCondition()[pri:0, instance:runner.CucumberTags@771a660]" started-at="2024-09-11T12:13:39 IST" name="preCondition" finished-at="2024-09-11T12:13:49 IST" duration-ms="10376" status="PASS">
          <reporter-output>
          </reporter-output>
        </test-method> <!-- preCondition -->
        <test-method signature="runScenario(io.cucumber.testng.PickleWrapper,io.cucumber.testng.FeatureWrapper)[pri:0, instance:runner.CucumberTags@771a660]" started-at="2024-09-11T12:13:49 IST" name="runScenario" description="Runs Cucumber Scenarios" data-provider="scenarios" finished-at="2024-09-11T12:13:50 IST" duration-ms="1234" status="PASS">
          <params>
            <param index="0">
              <value>
                <![CDATA["Login with Positive Value"]]>
              </value>
            </param>
            <param index="1">
              <value>
                <![CDATA["Login LeafTaps Application with vaild data"]]>
              </value>
            </param>
          </params>
          <reporter-output>
          </reporter-output>
        </test-method> <!-- runScenario -->
        <test-method is-config="true" signature="postcondition()[pri:0, instance:runner.CucumberTags@771a660]" started-at="2024-09-11T12:13:50 IST" name="postcondition" finished-at="2024-09-11T12:13:51 IST" duration-ms="421" status="PASS">
          <reporter-output>
          </reporter-output>
        </test-method> <!-- postcondition -->
        <test-method is-config="true" signature="tearDownClass()[pri:0, instance:runner.CucumberTags@771a660]" started-at="2024-09-11T12:13:51 IST" name="tearDownClass" finished-at="2024-09-11T12:13:53 IST" duration-ms="2646" status="PASS">
          <reporter-output>
          </reporter-output>
        </test-method> <!-- tearDownClass -->
      </class> <!-- runner.CucumberTags -->
    </test> <!-- Default test -->
  </suite> <!-- Default suite -->
</testng-results>
